<?xml version="1.0" encoding="UTF-8"?>
<!-- Generated by org.testng.reporters.JUnitReportReporter -->
<testsuite hostname="EPINHYDW0EDB" failures="0" tests="6" name="tests.CalculatorPageTests" time="100.701" errors="0" timestamp="2022-08-08T15:54:41 IST" skipped="0">
  <testcase classname="tests.CalculatorPageTests" name="checkRegionIsFrankfurt" time="0.044"/>
  <system-out/>
  <testcase classname="tests.CalculatorPageTests" name="checkLocalSsdSpace2x375Gib" time="0.022"/>
  <system-out/>
  <testcase classname="tests.CalculatorPageTests" name="checkInformationInVmClassString" time="100.279"/>
  <system-out/>
  <testcase classname="tests.CalculatorPageTests" name="checkInformationInVmClassStrings" time="0.314"/>
  <system-out/>
  <testcase classname="tests.CalculatorPageTests" name="checkCommitmentTermOneYear" time="0.021"/>
  <system-out/>
  <testcase classname="tests.CalculatorPageTests" name="checkInformationInInstanceTypeIncludeN1Standard8" time="0.021"/>
  <system-out/>
</testsuite> <!-- tests.CalculatorPageTests -->
